New log file opened at Thu Mar 23 17:28:46 JST 2017 by 11091@usr01671.local
Sending msg to client activator-2b7ba9c0-047a-40da-87a3-0f36f37825c1: TaskStarted(5,347,None)
Sending msg to client activator-2b7ba9c0-047a-40da-87a3-0f36f37825c1: TaskStarted(5,348,Some(AttributeKey[scala.collection.Seq[java.io.File]]("sources") in Scope(Build: file:/Users/usr10049697/work/proj/play-sample2/, , Project: ProjectReference(file:/Users/usr10049697/work/proj/play-sample2/,root), Config: compile, Task: AttributeKey[scala.collection.Seq[java.io.File]]("playRoutes"))))
Sending msg to client activator-2b7ba9c0-047a-40da-87a3-0f36f37825c1: TaskStarted(5,354,Some(AttributeKey[scala.collection.Seq[java.io.File]]("unmanagedSources") in Scope(Build: file:/Users/usr10049697/work/proj/play-sample2/, , Project: ProjectReference(file:/Users/usr10049697/work/proj/play-sample2/,root), Config: compile)))
Sending msg to client activator-2b7ba9c0-047a-40da-87a3-0f36f37825c1: TaskStarted(5,357,Some(AttributeKey[sbt.SendEventService]("sendEventService") in Scope(Global)))
Sending msg to client activator-2b7ba9c0-047a-40da-87a3-0f36f37825c1: TaskFinished(5,264,None,true,None)
Sending msg to client activator-2b7ba9c0-047a-40da-87a3-0f36f37825c1: TaskFinished(5,266,Some(AttributeKey[scala.collection.Seq[scala.Function1[xsbti.Position,scala.Option[xsbti.Position]]]]("sourcePositionMappers") in Scope(Global)),true,None)
Sending msg to client activator-2b7ba9c0-047a-40da-87a3-0f36f37825c1: TaskFinished(5,270,None,true,None)
Sending msg to client activator-2b7ba9c0-047a-40da-87a3-0f36f37825c1: TaskFinished(5,271,Some(AttributeKey[scala.collection.Seq[java.lang.String]]("scalacOptions") in Scope(Global)),true,None)
Sending msg to client activator-2b7ba9c0-047a-40da-87a3-0f36f37825c1: TaskStarted(5,269,Some(AttributeKey[scala.collection.Seq[java.lang.String]]("scalacOptions") in Scope(Build: file:/Users/usr10049697/work/proj/play-sample2/, , Project: ProjectReference(file:/Users/usr10049697/work/proj/play-sample2/,root))))
Sending msg to client activator-2b7ba9c0-047a-40da-87a3-0f36f37825c1: TaskFinished(5,274,None,true,None)
Sending msg to client activator-2b7ba9c0-047a-40da-87a3-0f36f37825c1: TaskStarted(5,273,None)
Sending msg to client activator-2b7ba9c0-047a-40da-87a3-0f36f37825c1: TaskStarted(5,277,None)
Sending msg to client activator-2b7ba9c0-047a-40da-87a3-0f36f37825c1: TaskStarted(5,280,None)
Sending msg to client activator-2b7ba9c0-047a-40da-87a3-0f36f37825c1: TaskStarted(5,288,None)
Sending msg to client activator-2b7ba9c0-047a-40da-87a3-0f36f37825c1: TaskStarted(5,301,None)
Sending msg to client activator-2b7ba9c0-047a-40da-87a3-0f36f37825c1: TaskStarted(5,303,None)
Sending msg to client activator-2b7ba9c0-047a-40da-87a3-0f36f37825c1: TaskStarted(5,308,None)
Sending msg to client activator-2b7ba9c0-047a-40da-87a3-0f36f37825c1: TaskStarted(5,316,None)
Sending msg to client activator-2b7ba9c0-047a-40da-87a3-0f36f37825c1: TaskStarted(5,319,None)
Sending msg to client activator-2b7ba9c0-047a-40da-87a3-0f36f37825c1: TaskStarted(5,322,None)
Sending msg to client activator-2b7ba9c0-047a-40da-87a3-0f36f37825c1: TaskStarted(5,329,None)
Sending msg to client activator-2b7ba9c0-047a-40da-87a3-0f36f37825c1: TaskStarted(5,336,None)
Sending msg to client activator-2b7ba9c0-047a-40da-87a3-0f36f37825c1: TaskStarted(5,337,None)
Sending msg to client activator-2b7ba9c0-047a-40da-87a3-0f36f37825c1: TaskStarted(5,349,None)
Sending msg to client activator-2b7ba9c0-047a-40da-87a3-0f36f37825c1: TaskStarted(5,352,None)
Sending msg to client activator-2b7ba9c0-047a-40da-87a3-0f36f37825c1: TaskStarted(5,356,None)
Sending msg to client activator-2b7ba9c0-047a-40da-87a3-0f36f37825c1: TaskStarted(5,358,None)
Sending msg to client activator-2b7ba9c0-047a-40da-87a3-0f36f37825c1: TaskFinished(5,284,None,true,None)
Sending msg to client activator-2b7ba9c0-047a-40da-87a3-0f36f37825c1: TaskStarted(5,283,Some(AttributeKey[sbt.BuildStructure]("buildStructure") in Scope(Global)))
Sending msg to client activator-2b7ba9c0-047a-40da-87a3-0f36f37825c1: TaskStarted(5,312,Some(AttributeKey[java.io.File]("dependencyCacheDirectory") in Scope(Build: file:/Users/usr10049697/work/proj/play-sample2/, , Project: ProjectReference(file:/Users/usr10049697/work/proj/play-sample2/,root))))
Sending msg to client activator-2b7ba9c0-047a-40da-87a3-0f36f37825c1: TaskStarted(5,335,Some(AttributeKey[xsbti.compile.GlobalsCache]("compilerCache") in Scope(Global)))
Sending msg to client activator-2b7ba9c0-047a-40da-87a3-0f36f37825c1: TaskFinished(5,291,None,true,None)
Sending msg to client activator-2b7ba9c0-047a-40da-87a3-0f36f37825c1: TaskFinished(5,292,None,true,None)
Sending msg to client activator-2b7ba9c0-047a-40da-87a3-0f36f37825c1: TaskStarted(5,290,Some(AttributeKey[scala.collection.Seq[sbt.UpdateReport]]("transitiveUpdate") in Scope(Build: file:/Users/usr10049697/work/proj/play-sample2/, , Project: ProjectReference(file:/Users/usr10049697/work/proj/play-sample2/,root))))
Sending msg to client activator-2b7ba9c0-047a-40da-87a3-0f36f37825c1: TaskFinished(5,293,Some(AttributeKey[boolean]("skip") in Scope(Global)),true,None)
Sending msg to client activator-2b7ba9c0-047a-40da-87a3-0f36f37825c1: TaskFinished(5,294,None,true,None)
Sending msg to client activator-2b7ba9c0-047a-40da-87a3-0f36f37825c1: TaskFinished(5,300,Some(AttributeKey[scala.collection.Seq[sbt.Credentials]]("credentials") in Scope(Global)),true,None)
Sending msg to client activator-2b7ba9c0-047a-40da-87a3-0f36f37825c1: TaskFinished(5,305,Some(AttributeKey[scala.collection.Seq[sbt.Resolver]]("externalResolvers") in Scope(Build: file:/Users/usr10049697/work/proj/play-sample2/, , Project: ProjectReference(file:/Users/usr10049697/work/proj/play-sample2/,root))),true,None)
Sending msg to client activator-2b7ba9c0-047a-40da-87a3-0f36f37825c1: TaskFinished(5,309,Some(AttributeKey[scala.Option[scala.collection.Seq[sbt.Resolver]]]("bootResolvers") in Scope(Build: file:/Users/usr10049697/work/proj/play-sample2/, , Project: ProjectReference(file:/Users/usr10049697/work/proj/play-sample2/,root))),true,None)
Sending msg to client activator-2b7ba9c0-047a-40da-87a3-0f36f37825c1: TaskFinished(5,311,None,true,None)
Sending msg to client activator-2b7ba9c0-047a-40da-87a3-0f36f37825c1: TaskFinished(5,315,Some(AttributeKey[java.lang.String]("updateCacheName") in Scope(Build: file:/Users/usr10049697/work/proj/play-sample2/, , Project: ProjectReference(file:/Users/usr10049697/work/proj/play-sample2/,root))),true,None)
Sending msg to client activator-2b7ba9c0-047a-40da-87a3-0f36f37825c1: TaskFinished(5,318,None,true,None)
Sending msg to client activator-2b7ba9c0-047a-40da-87a3-0f36f37825c1: TaskFinished(5,324,None,true,None)
Sending msg to client activator-2b7ba9c0-047a-40da-87a3-0f36f37825c1: TaskFinished(5,325,Some(AttributeKey[scala.collection.Seq[java.lang.String]]("javacOptions") in Scope(Global)),true,None)
Sending msg to client activator-2b7ba9c0-047a-40da-87a3-0f36f37825c1: TaskStarted(5,323,Some(AttributeKey[scala.collection.Seq[java.lang.String]]("javacOptions") in Scope(Build: file:/Users/usr10049697/work/proj/play-sample2/, , Project: ProjectReference(file:/Users/usr10049697/work/proj/play-sample2/,root), Config: compile)))
Sending msg to client activator-2b7ba9c0-047a-40da-87a3-0f36f37825c1: TaskFinished(5,328,None,true,None)
Sending msg to client activator-2b7ba9c0-047a-40da-87a3-0f36f37825c1: TaskFinished(5,331,Some(AttributeKey[scala.Function1[java.io.File,scala.Function1[java.lang.String,boolean]]]("definesClass") in Scope(Global)),true,None)
Sending msg to client activator-2b7ba9c0-047a-40da-87a3-0f36f37825c1: TaskFinished(5,332,Some(AttributeKey[java.lang.String]("compileAnalysisFilename") in Scope(Build: file:/Users/usr10049697/work/proj/play-sample2/, , Project: ProjectReference(file:/Users/usr10049697/work/proj/play-sample2/,root), Config: compile)),true,None)
Sending msg to client activator-2b7ba9c0-047a-40da-87a3-0f36f37825c1: TaskFinished(5,334,Some(AttributeKey[sbt.inc.IncOptions]("incOptions") in Scope(Global)),true,None)
Sending msg to client activator-2b7ba9c0-047a-40da-87a3-0f36f37825c1: TaskStarted(5,333,Some(AttributeKey[sbt.inc.IncOptions]("incOptions") in Scope(Build: file:/Users/usr10049697/work/proj/play-sample2/, , Project: ProjectReference(file:/Users/usr10049697/work/proj/play-sample2/,root))))
Sending msg to client activator-2b7ba9c0-047a-40da-87a3-0f36f37825c1: TaskFinished(5,348,Some(AttributeKey[scala.collection.Seq[java.io.File]]("sources") in Scope(Build: file:/Users/usr10049697/work/proj/play-sample2/, , Project: ProjectReference(file:/Users/usr10049697/work/proj/play-sample2/,root), Config: compile, Task: AttributeKey[scala.collection.Seq[java.io.File]]("playRoutes"))),true,None)
Sending msg to client activator-2b7ba9c0-047a-40da-87a3-0f36f37825c1: TaskFinished(5,347,None,true,None)
Sending msg to client activator-2b7ba9c0-047a-40da-87a3-0f36f37825c1: TaskStarted(5,346,Some(AttributeKey[scala.collection.Seq[java.io.File]]("sources") in Scope(Build: file:/Users/usr10049697/work/proj/play-sample2/, , Project: ProjectReference(file:/Users/usr10049697/work/proj/play-sample2/,root), Config: compile, Task: AttributeKey[scala.collection.Seq[java.io.File]]("playRoutes"))))
Sending msg to client activator-2b7ba9c0-047a-40da-87a3-0f36f37825c1: TaskFinished(5,357,Some(AttributeKey[sbt.SendEventService]("sendEventService") in Scope(Global)),true,None)
Sending msg to client activator-2b7ba9c0-047a-40da-87a3-0f36f37825c1: TaskFinished(5,354,Some(AttributeKey[scala.collection.Seq[java.io.File]]("unmanagedSources") in Scope(Build: file:/Users/usr10049697/work/proj/play-sample2/, , Project: ProjectReference(file:/Users/usr10049697/work/proj/play-sample2/,root), Config: compile)),true,None)
Sending msg to client activator-2b7ba9c0-047a-40da-87a3-0f36f37825c1: TaskStarted(5,353,Some(AttributeKey[scala.collection.Seq[java.io.File]]("unmanagedSources") in Scope(Build: file:/Users/usr10049697/work/proj/play-sample2/, , Project: ProjectReference(file:/Users/usr10049697/work/proj/play-sample2/,root), Config: compile)))
Sending msg to client activator-2b7ba9c0-047a-40da-87a3-0f36f37825c1: TaskFinished(5,269,Some(AttributeKey[scala.collection.Seq[java.lang.String]]("scalacOptions") in Scope(Build: file:/Users/usr10049697/work/proj/play-sample2/, , Project: ProjectReference(file:/Users/usr10049697/work/proj/play-sample2/,root))),true,None)
Sending msg to client activator-2b7ba9c0-047a-40da-87a3-0f36f37825c1: TaskStarted(5,268,Some(AttributeKey[java.lang.String]("twirlSourceEncoding") in Scope(Build: file:/Users/usr10049697/work/proj/play-sample2/, , Project: ProjectReference(file:/Users/usr10049697/work/proj/play-sample2/,root))))
Sending msg to client activator-2b7ba9c0-047a-40da-87a3-0f36f37825c1: TaskFinished(5,273,None,true,None)
Sending msg to client activator-2b7ba9c0-047a-40da-87a3-0f36f37825c1: TaskFinished(5,280,None,true,None)
Sending msg to client activator-2b7ba9c0-047a-40da-87a3-0f36f37825c1: TaskFinished(5,277,None,true,None)
Sending msg to client activator-2b7ba9c0-047a-40da-87a3-0f36f37825c1: TaskFinished(5,288,None,true,None)
Sending msg to client activator-2b7ba9c0-047a-40da-87a3-0f36f37825c1: TaskFinished(5,303,None,true,None)
Sending msg to client activator-2b7ba9c0-047a-40da-87a3-0f36f37825c1: TaskFinished(5,301,None,true,None)
Sending msg to client activator-2b7ba9c0-047a-40da-87a3-0f36f37825c1: TaskFinished(5,308,None,true,None)
Sending msg to client activator-2b7ba9c0-047a-40da-87a3-0f36f37825c1: TaskFinished(5,319,None,true,None)
Sending msg to client activator-2b7ba9c0-047a-40da-87a3-0f36f37825c1: TaskFinished(5,316,None,true,None)
Sending msg to client activator-2b7ba9c0-047a-40da-87a3-0f36f37825c1: TaskStarted(5,314,Some(AttributeKey[scala.collection.immutable.Map[sbt.ModuleID,sbt.SourcePosition]]("dependencyPositions") in Scope(Build: file:/Users/usr10049697/work/proj/play-sample2/, , Project: ProjectReference(file:/Users/usr10049697/work/proj/play-sample2/,root))))
Sending msg to client activator-2b7ba9c0-047a-40da-87a3-0f36f37825c1: TaskFinished(5,322,None,true,None)
Sending msg to client activator-2b7ba9c0-047a-40da-87a3-0f36f37825c1: TaskFinished(5,336,None,true,None)
Sending msg to client activator-2b7ba9c0-047a-40da-87a3-0f36f37825c1: TaskFinished(5,337,None,true,None)
Sending msg to client activator-2b7ba9c0-047a-40da-87a3-0f36f37825c1: TaskFinished(5,329,None,true,None)
Sending msg to client activator-2b7ba9c0-047a-40da-87a3-0f36f37825c1: TaskFinished(5,349,None,true,None)
Sending msg to client activator-2b7ba9c0-047a-40da-87a3-0f36f37825c1: TaskFinished(5,352,None,true,None)
Sending msg to client activator-2b7ba9c0-047a-40da-87a3-0f36f37825c1: TaskFinished(5,356,None,true,None)
Sending msg to client activator-2b7ba9c0-047a-40da-87a3-0f36f37825c1: TaskFinished(5,358,None,true,None)
Sending msg to client activator-2b7ba9c0-047a-40da-87a3-0f36f37825c1: TaskFinished(5,283,Some(AttributeKey[sbt.BuildStructure]("buildStructure") in Scope(Global)),true,None)
Sending msg to client activator-2b7ba9c0-047a-40da-87a3-0f36f37825c1: TaskStarted(5,282,Some(AttributeKey[sbt.Settings[sbt.Scope]]("settingsData") in Scope(Global)))
Sending msg to client activator-2b7ba9c0-047a-40da-87a3-0f36f37825c1: TaskFinished(5,335,Some(AttributeKey[xsbti.compile.GlobalsCache]("compilerCache") in Scope(Global)),true,None)
Sending msg to client activator-2b7ba9c0-047a-40da-87a3-0f36f37825c1: TaskFinished(5,312,Some(AttributeKey[java.io.File]("dependencyCacheDirectory") in Scope(Build: file:/Users/usr10049697/work/proj/play-sample2/, , Project: ProjectReference(file:/Users/usr10049697/work/proj/play-sample2/,root))),true,None)
Sending msg to client activator-2b7ba9c0-047a-40da-87a3-0f36f37825c1: TaskFinished(5,290,Some(AttributeKey[scala.collection.Seq[sbt.UpdateReport]]("transitiveUpdate") in Scope(Build: file:/Users/usr10049697/work/proj/play-sample2/, , Project: ProjectReference(file:/Users/usr10049697/work/proj/play-sample2/,root))),true,None)
Sending msg to client activator-2b7ba9c0-047a-40da-87a3-0f36f37825c1: TaskFinished(5,323,Some(AttributeKey[scala.collection.Seq[java.lang.String]]("javacOptions") in Scope(Build: file:/Users/usr10049697/work/proj/play-sample2/, , Project: ProjectReference(file:/Users/usr10049697/work/proj/play-sample2/,root), Config: compile)),true,None)
Sending msg to client activator-2b7ba9c0-047a-40da-87a3-0f36f37825c1: TaskFinished(5,333,Some(AttributeKey[sbt.inc.IncOptions]("incOptions") in Scope(Build: file:/Users/usr10049697/work/proj/play-sample2/, , Project: ProjectReference(file:/Users/usr10049697/work/proj/play-sample2/,root))),true,None)
Sending msg to client activator-2b7ba9c0-047a-40da-87a3-0f36f37825c1: TaskFinished(5,346,Some(AttributeKey[scala.collection.Seq[java.io.File]]("sources") in Scope(Build: file:/Users/usr10049697/work/proj/play-sample2/, , Project: ProjectReference(file:/Users/usr10049697/work/proj/play-sample2/,root), Config: compile, Task: AttributeKey[scala.collection.Seq[java.io.File]]("playRoutes"))),true,None)
Sending msg to client activator-2b7ba9c0-047a-40da-87a3-0f36f37825c1: TaskStarted(5,345,None)
Sending msg to client activator-2b7ba9c0-047a-40da-87a3-0f36f37825c1: TaskFinished(5,353,Some(AttributeKey[scala.collection.Seq[java.io.File]]("unmanagedSources") in Scope(Build: file:/Users/usr10049697/work/proj/play-sample2/, , Project: ProjectReference(file:/Users/usr10049697/work/proj/play-sample2/,root), Config: compile)),true,None)
Sending msg to client activator-2b7ba9c0-047a-40da-87a3-0f36f37825c1: TaskFinished(5,268,Some(AttributeKey[java.lang.String]("twirlSourceEncoding") in Scope(Build: file:/Users/usr10049697/work/proj/play-sample2/, , Project: ProjectReference(file:/Users/usr10049697/work/proj/play-sample2/,root))),true,None)
Sending msg to client activator-2b7ba9c0-047a-40da-87a3-0f36f37825c1: TaskStarted(5,267,None)
Sending msg to client activator-2b7ba9c0-047a-40da-87a3-0f36f37825c1: TaskStarted(5,351,None)
Sending msg to client activator-2b7ba9c0-047a-40da-87a3-0f36f37825c1: TaskFinished(5,314,Some(AttributeKey[scala.collection.immutable.Map[sbt.ModuleID,sbt.SourcePosition]]("dependencyPositions") in Scope(Build: file:/Users/usr10049697/work/proj/play-sample2/, , Project: ProjectReference(file:/Users/usr10049697/work/proj/play-sample2/,root))),true,None)
Sending msg to client activator-2b7ba9c0-047a-40da-87a3-0f36f37825c1: TaskStarted(5,313,Some(AttributeKey[sbt.UnresolvedWarningConfiguration]("unresolvedWarningConfiguration") in Scope(Build: file:/Users/usr10049697/work/proj/play-sample2/, , Project: ProjectReference(file:/Users/usr10049697/work/proj/play-sample2/,root), Task: AttributeKey[sbt.UpdateReport]("update"))))
Sending msg to client activator-2b7ba9c0-047a-40da-87a3-0f36f37825c1: TaskFinished(5,282,Some(AttributeKey[sbt.Settings[sbt.Scope]]("settingsData") in Scope(Global)),true,None)
Sending msg to client activator-2b7ba9c0-047a-40da-87a3-0f36f37825c1: TaskStarted(5,281,None)
Sending msg to client activator-2b7ba9c0-047a-40da-87a3-0f36f37825c1: TaskStarted(5,298,Some(AttributeKey[scala.collection.Seq[sbt.ModuleID]]("projectDependencies") in Scope(Build: file:/Users/usr10049697/work/proj/play-sample2/, , Project: ProjectReference(file:/Users/usr10049697/work/proj/play-sample2/,root))))
Sending msg to client activator-2b7ba9c0-047a-40da-87a3-0f36f37825c1: TaskStarted(5,307,Some(AttributeKey[scala.collection.immutable.Map[org.apache.ivy.core.module.id.ModuleRevisionId,org.apache.ivy.core.module.descriptor.ModuleDescriptor]]("projectDescriptors") in Scope(Build: file:/Users/usr10049697/work/proj/play-sample2/, , Project: ProjectReference(file:/Users/usr10049697/work/proj/play-sample2/,root))))
Sending msg to client activator-2b7ba9c0-047a-40da-87a3-0f36f37825c1: TaskStarted(5,310,None)
Sending msg to client activator-2b7ba9c0-047a-40da-87a3-0f36f37825c1: TaskStarted(5,327,Some(AttributeKey[sbt.ScalaInstance]("scalaInstance") in Scope(Build: file:/Users/usr10049697/work/proj/play-sample2/, , Project: ProjectReference(file:/Users/usr10049697/work/proj/play-sample2/,root))))
Sending msg to client activator-2b7ba9c0-047a-40da-87a3-0f36f37825c1: TaskStarted(5,339,None)
Sending msg to client activator-2b7ba9c0-047a-40da-87a3-0f36f37825c1: TaskFinished(5,345,None,true,None)
Sending msg to client activator-2b7ba9c0-047a-40da-87a3-0f36f37825c1: TaskStarted(5,344,Some(AttributeKey[scala.collection.Seq[play.routes.compiler.RoutesCompiler$RoutesCompilerTask]]("playRoutesTasks") in Scope(Build: file:/Users/usr10049697/work/proj/play-sample2/, , Project: ProjectReference(file:/Users/usr10049697/work/proj/play-sample2/,root), Config: compile)))
Sending msg to client activator-2b7ba9c0-047a-40da-87a3-0f36f37825c1: TaskFinished(5,267,None,true,None)
Sending msg to client activator-2b7ba9c0-047a-40da-87a3-0f36f37825c1: TaskStarted(5,265,Some(AttributeKey[scala.collection.Seq[scala.Function1[xsbti.Position,scala.Option[xsbti.Position]]]]("sourcePositionMappers") in Scope(Build: file:/Users/usr10049697/work/proj/play-sample2/, , Project: ProjectReference(file:/Users/usr10049697/work/proj/play-sample2/,root))))
Sending msg to client activator-2b7ba9c0-047a-40da-87a3-0f36f37825c1: TaskFinished(5,313,Some(AttributeKey[sbt.UnresolvedWarningConfiguration]("unresolvedWarningConfiguration") in Scope(Build: file:/Users/usr10049697/work/proj/play-sample2/, , Project: ProjectReference(file:/Users/usr10049697/work/proj/play-sample2/,root), Task: AttributeKey[sbt.UpdateReport]("update"))),true,None)
Sending msg to client activator-2b7ba9c0-047a-40da-87a3-0f36f37825c1: TaskStarted(5,364,None)
Sending msg to client activator-2b7ba9c0-047a-40da-87a3-0f36f37825c1: TaskStarted(5,365,None)
Sending msg to client activator-2b7ba9c0-047a-40da-87a3-0f36f37825c1: TaskStarted(5,367,None)
Sending msg to client activator-2b7ba9c0-047a-40da-87a3-0f36f37825c1: TaskFinished(5,351,None,true,None)
Sending msg to client activator-2b7ba9c0-047a-40da-87a3-0f36f37825c1: TaskStarted(5,350,Some(AttributeKey[scala.collection.Seq[java.io.File]]("twirlCompileTemplates") in Scope(Build: file:/Users/usr10049697/work/proj/play-sample2/, , Project: ProjectReference(file:/Users/usr10049697/work/proj/play-sample2/,root), Config: compile)))
Sending msg to client activator-2b7ba9c0-047a-40da-87a3-0f36f37825c1: TaskFinished(5,298,Some(AttributeKey[scala.collection.Seq[sbt.ModuleID]]("projectDependencies") in Scope(Build: file:/Users/usr10049697/work/proj/play-sample2/, , Project: ProjectReference(file:/Users/usr10049697/work/proj/play-sample2/,root))),true,None)
Sending msg to client activator-2b7ba9c0-047a-40da-87a3-0f36f37825c1: TaskStarted(5,297,Some(AttributeKey[scala.collection.Seq[sbt.ModuleID]]("allDependencies") in Scope(Build: file:/Users/usr10049697/work/proj/play-sample2/, , Project: ProjectReference(file:/Users/usr10049697/work/proj/play-sample2/,root))))
Sending msg to client activator-2b7ba9c0-047a-40da-87a3-0f36f37825c1: TaskStarted(5,369,None)
Sending msg to client activator-2b7ba9c0-047a-40da-87a3-0f36f37825c1: TaskStarted(5,370,None)
Sending msg to client activator-2b7ba9c0-047a-40da-87a3-0f36f37825c1: TaskStarted(5,373,None)
Sending msg to client activator-2b7ba9c0-047a-40da-87a3-0f36f37825c1: TaskStarted(5,375,None)
Sending msg to client activator-2b7ba9c0-047a-40da-87a3-0f36f37825c1: TaskFinished(5,265,Some(AttributeKey[scala.collection.Seq[scala.Function1[xsbti.Position,scala.Option[xsbti.Position]]]]("sourcePositionMappers") in Scope(Build: file:/Users/usr10049697/work/proj/play-sample2/, , Project: ProjectReference(file:/Users/usr10049697/work/proj/play-sample2/,root))),true,None)
Sending msg to client activator-2b7ba9c0-047a-40da-87a3-0f36f37825c1: TaskStarted(5,263,Some(AttributeKey[scala.collection.Seq[scala.Function1[xsbti.Position,scala.Option[xsbti.Position]]]]("sourcePositionMappers") in Scope(Build: file:/Users/usr10049697/work/proj/play-sample2/, , Project: ProjectReference(file:/Users/usr10049697/work/proj/play-sample2/,root))))
Sending msg to client activator-2b7ba9c0-047a-40da-87a3-0f36f37825c1: TaskFinished(5,364,None,true,None)
Sending msg to client activator-2b7ba9c0-047a-40da-87a3-0f36f37825c1: TaskFinished(5,367,None,true,None)
Sending msg to client activator-2b7ba9c0-047a-40da-87a3-0f36f37825c1: TaskStarted(5,366,None)
Sending msg to client activator-2b7ba9c0-047a-40da-87a3-0f36f37825c1: TaskFinished(5,365,None,true,None)
Sending msg to client activator-2b7ba9c0-047a-40da-87a3-0f36f37825c1: TaskStarted(5,363,Some(AttributeKey[scala.collection.Seq[sbt.Attributed[java.io.File]]]("unmanagedJars") in Scope(Build: file:/Users/usr10049697/work/proj/play-sample2/, , Project: ProjectReference(file:/Users/usr10049697/work/proj/play-sample2/,root), Config: compile)))
Sending msg to client activator-2b7ba9c0-047a-40da-87a3-0f36f37825c1: TaskFinished(5,350,Some(AttributeKey[scala.collection.Seq[java.io.File]]("twirlCompileTemplates") in Scope(Build: file:/Users/usr10049697/work/proj/play-sample2/, , Project: ProjectReference(file:/Users/usr10049697/work/proj/play-sample2/,root), Config: compile)),true,None)
Sending msg to client activator-2b7ba9c0-047a-40da-87a3-0f36f37825c1: TaskFinished(5,297,Some(AttributeKey[scala.collection.Seq[sbt.ModuleID]]("allDependencies") in Scope(Build: file:/Users/usr10049697/work/proj/play-sample2/, , Project: ProjectReference(file:/Users/usr10049697/work/proj/play-sample2/,root))),true,None)
Sending msg to client activator-2b7ba9c0-047a-40da-87a3-0f36f37825c1: TaskStarted(5,296,Some(AttributeKey[sbt.ModuleSettings]("moduleSettings") in Scope(Build: file:/Users/usr10049697/work/proj/play-sample2/, , Project: ProjectReference(file:/Users/usr10049697/work/proj/play-sample2/,root))))
Sending msg to client activator-2b7ba9c0-047a-40da-87a3-0f36f37825c1: TaskFinished(5,369,None,true,None)
Sending msg to client activator-2b7ba9c0-047a-40da-87a3-0f36f37825c1: TaskStarted(5,368,None)
Sending msg to client activator-2b7ba9c0-047a-40da-87a3-0f36f37825c1: TaskFinished(5,370,None,true,None)
Sending msg to client activator-2b7ba9c0-047a-40da-87a3-0f36f37825c1: TaskFinished(5,310,None,true,None)
Sending msg to client activator-2b7ba9c0-047a-40da-87a3-0f36f37825c1: TaskFinished(5,373,None,true,None)
Sending msg to client activator-2b7ba9c0-047a-40da-87a3-0f36f37825c1: TaskStarted(5,372,None)
Sending msg to client activator-2b7ba9c0-047a-40da-87a3-0f36f37825c1: TaskFinished(5,375,None,true,None)
Sending msg to client activator-2b7ba9c0-047a-40da-87a3-0f36f37825c1: TaskStarted(5,374,None)
Sending msg to client activator-2b7ba9c0-047a-40da-87a3-0f36f37825c1: TaskFinished(5,263,Some(AttributeKey[scala.collection.Seq[scala.Function1[xsbti.Position,scala.Option[xsbti.Position]]]]("sourcePositionMappers") in Scope(Build: file:/Users/usr10049697/work/proj/play-sample2/, , Project: ProjectReference(file:/Users/usr10049697/work/proj/play-sample2/,root))),true,None)
Sending msg to client activator-2b7ba9c0-047a-40da-87a3-0f36f37825c1: TaskStarted(5,376,None)
Sending msg to client activator-2b7ba9c0-047a-40da-87a3-0f36f37825c1: TaskFinished(5,363,Some(AttributeKey[scala.collection.Seq[sbt.Attributed[java.io.File]]]("unmanagedJars") in Scope(Build: file:/Users/usr10049697/work/proj/play-sample2/, , Project: ProjectReference(file:/Users/usr10049697/work/proj/play-sample2/,root), Config: compile)),true,None)
Sending msg to client activator-2b7ba9c0-047a-40da-87a3-0f36f37825c1: TaskFinished(5,296,Some(AttributeKey[sbt.ModuleSettings]("moduleSettings") in Scope(Build: file:/Users/usr10049697/work/proj/play-sample2/, , Project: ProjectReference(file:/Users/usr10049697/work/proj/play-sample2/,root))),true,None)
Sending msg to client activator-2b7ba9c0-047a-40da-87a3-0f36f37825c1: TaskFinished(5,368,None,true,None)
Sending msg to client activator-2b7ba9c0-047a-40da-87a3-0f36f37825c1: TaskFinished(5,307,Some(AttributeKey[scala.collection.immutable.Map[org.apache.ivy.core.module.id.ModuleRevisionId,org.apache.ivy.core.module.descriptor.ModuleDescriptor]]("projectDescriptors") in Scope(Build: file:/Users/usr10049697/work/proj/play-sample2/, , Project: ProjectReference(file:/Users/usr10049697/work/proj/play-sample2/,root))),true,None)
Sending msg to client activator-2b7ba9c0-047a-40da-87a3-0f36f37825c1: TaskStarted(5,306,Some(AttributeKey[sbt.Resolver]("projectResolver") in Scope(Build: file:/Users/usr10049697/work/proj/play-sample2/, , Project: ProjectReference(file:/Users/usr10049697/work/proj/play-sample2/,root))))
Sending msg to client activator-2b7ba9c0-047a-40da-87a3-0f36f37825c1: TaskFinished(5,372,None,true,None)
Sending msg to client activator-2b7ba9c0-047a-40da-87a3-0f36f37825c1: TaskFinished(5,339,None,true,None)
Sending msg to client activator-2b7ba9c0-047a-40da-87a3-0f36f37825c1: TaskFinished(5,374,None,true,None)
Sending msg to client activator-2b7ba9c0-047a-40da-87a3-0f36f37825c1: TaskFinished(5,344,Some(AttributeKey[scala.collection.Seq[play.routes.compiler.RoutesCompiler$RoutesCompilerTask]]("playRoutesTasks") in Scope(Build: file:/Users/usr10049697/work/proj/play-sample2/, , Project: ProjectReference(file:/Users/usr10049697/work/proj/play-sample2/,root), Config: compile)),true,None)
Sending msg to client activator-2b7ba9c0-047a-40da-87a3-0f36f37825c1: TaskStarted(5,343,Some(AttributeKey[scala.collection.Seq[java.io.File]]("playRoutes") in Scope(Build: file:/Users/usr10049697/work/proj/play-sample2/, , Project: ProjectReference(file:/Users/usr10049697/work/proj/play-sample2/,root), Config: compile)))
Sending msg to client activator-2b7ba9c0-047a-40da-87a3-0f36f37825c1: TaskFinished(5,376,None,true,None)
Sending msg to client activator-2b7ba9c0-047a-40da-87a3-0f36f37825c1: TaskFinished(5,366,None,true,None)
Sending msg to client activator-2b7ba9c0-047a-40da-87a3-0f36f37825c1: TaskStarted(5,362,Some(AttributeKey[scala.collection.Seq[sbt.Attributed[java.io.File]]]("unmanagedJars") in Scope(Build: file:/Users/usr10049697/work/proj/play-sample2/, , Project: ProjectReference(file:/Users/usr10049697/work/proj/play-sample2/,root), Config: compile)))
Sending msg to client activator-2b7ba9c0-047a-40da-87a3-0f36f37825c1: TaskFinished(5,306,Some(AttributeKey[sbt.Resolver]("projectResolver") in Scope(Build: file:/Users/usr10049697/work/proj/play-sample2/, , Project: ProjectReference(file:/Users/usr10049697/work/proj/play-sample2/,root))),true,None)
Sending msg to client activator-2b7ba9c0-047a-40da-87a3-0f36f37825c1: TaskStarted(5,304,Some(AttributeKey[scala.collection.Seq[sbt.Resolver]]("fullResolvers") in Scope(Build: file:/Users/usr10049697/work/proj/play-sample2/, , Project: ProjectReference(file:/Users/usr10049697/work/proj/play-sample2/,root))))
Sending msg to client activator-2b7ba9c0-047a-40da-87a3-0f36f37825c1: TaskFinished(5,362,Some(AttributeKey[scala.collection.Seq[sbt.Attributed[java.io.File]]]("unmanagedJars") in Scope(Build: file:/Users/usr10049697/work/proj/play-sample2/, , Project: ProjectReference(file:/Users/usr10049697/work/proj/play-sample2/,root), Config: compile)),true,None)
Sending msg to client activator-2b7ba9c0-047a-40da-87a3-0f36f37825c1: TaskStarted(5,361,None)
Sending msg to client activator-2b7ba9c0-047a-40da-87a3-0f36f37825c1: TaskFinished(5,343,Some(AttributeKey[scala.collection.Seq[java.io.File]]("playRoutes") in Scope(Build: file:/Users/usr10049697/work/proj/play-sample2/, , Project: ProjectReference(file:/Users/usr10049697/work/proj/play-sample2/,root), Config: compile)),true,None)
Sending msg to client activator-2b7ba9c0-047a-40da-87a3-0f36f37825c1: TaskStarted(5,342,None)
Sending msg to client activator-2b7ba9c0-047a-40da-87a3-0f36f37825c1: TaskFinished(5,304,Some(AttributeKey[scala.collection.Seq[sbt.Resolver]]("fullResolvers") in Scope(Build: file:/Users/usr10049697/work/proj/play-sample2/, , Project: ProjectReference(file:/Users/usr10049697/work/proj/play-sample2/,root))),true,None)
Sending msg to client activator-2b7ba9c0-047a-40da-87a3-0f36f37825c1: TaskStarted(5,302,Some(AttributeKey[sbt.IvyConfiguration]("ivyConfiguration") in Scope(Build: file:/Users/usr10049697/work/proj/play-sample2/, , Project: ProjectReference(file:/Users/usr10049697/work/proj/play-sample2/,root))))
Sending msg to client activator-2b7ba9c0-047a-40da-87a3-0f36f37825c1: TaskFinished(5,361,None,true,None)
Sending msg to client activator-2b7ba9c0-047a-40da-87a3-0f36f37825c1: TaskStarted(5,360,None)
Sending msg to client activator-2b7ba9c0-047a-40da-87a3-0f36f37825c1: TaskFinished(5,342,None,true,None)
Sending msg to client activator-2b7ba9c0-047a-40da-87a3-0f36f37825c1: TaskStarted(5,341,Some(AttributeKey[scala.collection.Seq[java.io.File]]("managedSources") in Scope(Build: file:/Users/usr10049697/work/proj/play-sample2/, , Project: ProjectReference(file:/Users/usr10049697/work/proj/play-sample2/,root), Config: compile)))
Sending msg to client activator-2b7ba9c0-047a-40da-87a3-0f36f37825c1: TaskFinished(5,302,Some(AttributeKey[sbt.IvyConfiguration]("ivyConfiguration") in Scope(Build: file:/Users/usr10049697/work/proj/play-sample2/, , Project: ProjectReference(file:/Users/usr10049697/work/proj/play-sample2/,root))),true,None)
Sending msg to client activator-2b7ba9c0-047a-40da-87a3-0f36f37825c1: TaskStarted(5,299,Some(AttributeKey[sbt.IvySbt]("ivySbt") in Scope(Build: file:/Users/usr10049697/work/proj/play-sample2/, , Project: ProjectReference(file:/Users/usr10049697/work/proj/play-sample2/,root))))
Sending msg to client activator-2b7ba9c0-047a-40da-87a3-0f36f37825c1: TaskFinished(5,360,None,true,None)
Sending msg to client activator-2b7ba9c0-047a-40da-87a3-0f36f37825c1: TaskFinished(5,281,None,true,None)
Sending msg to client activator-2b7ba9c0-047a-40da-87a3-0f36f37825c1: TaskStarted(5,279,Some(AttributeKey[scala.collection.Seq[sbt.Attributed[java.io.File]]]("unmanagedClasspath") in Scope(Build: file:/Users/usr10049697/work/proj/play-sample2/, , Project: ProjectReference(file:/Users/usr10049697/work/proj/play-sample2/,root), Config: compile)))
Sending msg to client activator-2b7ba9c0-047a-40da-87a3-0f36f37825c1: TaskFinished(5,341,Some(AttributeKey[scala.collection.Seq[java.io.File]]("managedSources") in Scope(Build: file:/Users/usr10049697/work/proj/play-sample2/, , Project: ProjectReference(file:/Users/usr10049697/work/proj/play-sample2/,root), Config: compile)),true,None)
Sending msg to client activator-2b7ba9c0-047a-40da-87a3-0f36f37825c1: TaskStarted(5,340,Some(AttributeKey[scala.collection.Seq[java.io.File]]("sources") in Scope(Build: file:/Users/usr10049697/work/proj/play-sample2/, , Project: ProjectReference(file:/Users/usr10049697/work/proj/play-sample2/,root), Config: compile)))
Sending msg to client activator-2b7ba9c0-047a-40da-87a3-0f36f37825c1: TaskFinished(5,299,Some(AttributeKey[sbt.IvySbt]("ivySbt") in Scope(Build: file:/Users/usr10049697/work/proj/play-sample2/, , Project: ProjectReference(file:/Users/usr10049697/work/proj/play-sample2/,root))),true,None)
Sending msg to client activator-2b7ba9c0-047a-40da-87a3-0f36f37825c1: TaskStarted(5,295,Some(AttributeKey[sbt.IvySbt$Module]("ivyModule") in Scope(Build: file:/Users/usr10049697/work/proj/play-sample2/, , Project: ProjectReference(file:/Users/usr10049697/work/proj/play-sample2/,root))))
Sending msg to client activator-2b7ba9c0-047a-40da-87a3-0f36f37825c1: TaskFinished(5,279,Some(AttributeKey[scala.collection.Seq[sbt.Attributed[java.io.File]]]("unmanagedClasspath") in Scope(Build: file:/Users/usr10049697/work/proj/play-sample2/, , Project: ProjectReference(file:/Users/usr10049697/work/proj/play-sample2/,root), Config: compile)),true,None)
Sending msg to client activator-2b7ba9c0-047a-40da-87a3-0f36f37825c1: TaskFinished(5,340,Some(AttributeKey[scala.collection.Seq[java.io.File]]("sources") in Scope(Build: file:/Users/usr10049697/work/proj/play-sample2/, , Project: ProjectReference(file:/Users/usr10049697/work/proj/play-sample2/,root), Config: compile)),true,None)
Sending msg to client activator-2b7ba9c0-047a-40da-87a3-0f36f37825c1: TaskFinished(5,295,Some(AttributeKey[sbt.IvySbt$Module]("ivyModule") in Scope(Build: file:/Users/usr10049697/work/proj/play-sample2/, , Project: ProjectReference(file:/Users/usr10049697/work/proj/play-sample2/,root))),true,None)
Sending msg to client activator-2b7ba9c0-047a-40da-87a3-0f36f37825c1: TaskStarted(5,289,Some(AttributeKey[sbt.UpdateReport]("update") in Scope(Build: file:/Users/usr10049697/work/proj/play-sample2/, , Project: ProjectReference(file:/Users/usr10049697/work/proj/play-sample2/,root))))
Sending msg to client activator-2b7ba9c0-047a-40da-87a3-0f36f37825c1: TaskFinished(5,289,Some(AttributeKey[sbt.UpdateReport]("update") in Scope(Build: file:/Users/usr10049697/work/proj/play-sample2/, , Project: ProjectReference(file:/Users/usr10049697/work/proj/play-sample2/,root))),true,None)
Sending msg to client activator-2b7ba9c0-047a-40da-87a3-0f36f37825c1: TaskStarted(5,287,Some(AttributeKey[sbt.UpdateReport]("update") in Scope(Build: file:/Users/usr10049697/work/proj/play-sample2/, , Project: ProjectReference(file:/Users/usr10049697/work/proj/play-sample2/,root))))
Sending msg to client activator-2b7ba9c0-047a-40da-87a3-0f36f37825c1: TaskFinished(5,287,Some(AttributeKey[sbt.UpdateReport]("update") in Scope(Build: file:/Users/usr10049697/work/proj/play-sample2/, , Project: ProjectReference(file:/Users/usr10049697/work/proj/play-sample2/,root))),true,None)
Sending msg to client activator-2b7ba9c0-047a-40da-87a3-0f36f37825c1: TaskStarted(5,317,Some(AttributeKey[sbt.Configuration]("classpathConfiguration") in Scope(Build: file:/Users/usr10049697/work/proj/play-sample2/, , Project: ProjectReference(file:/Users/usr10049697/work/proj/play-sample2/,root), Config: compile)))
Sending msg to client activator-2b7ba9c0-047a-40da-87a3-0f36f37825c1: TaskStarted(5,338,Some(AttributeKey[scala.collection.Seq[java.lang.String]]("scalacOptions") in Scope(Build: file:/Users/usr10049697/work/proj/play-sample2/, , Project: ProjectReference(file:/Users/usr10049697/work/proj/play-sample2/,root), Config: compile)))
Sending msg to client activator-2b7ba9c0-047a-40da-87a3-0f36f37825c1: TaskStarted(5,371,None)
Sending msg to client activator-2b7ba9c0-047a-40da-87a3-0f36f37825c1: TaskFinished(5,317,Some(AttributeKey[sbt.Configuration]("classpathConfiguration") in Scope(Build: file:/Users/usr10049697/work/proj/play-sample2/, , Project: ProjectReference(file:/Users/usr10049697/work/proj/play-sample2/,root), Config: compile)),true,None)
Sending msg to client activator-2b7ba9c0-047a-40da-87a3-0f36f37825c1: TaskStarted(5,286,None)
Sending msg to client activator-2b7ba9c0-047a-40da-87a3-0f36f37825c1: TaskStarted(5,321,None)
Sending msg to client activator-2b7ba9c0-047a-40da-87a3-0f36f37825c1: TaskFinished(5,371,None,true,None)
Sending msg to client activator-2b7ba9c0-047a-40da-87a3-0f36f37825c1: TaskFinished(5,327,Some(AttributeKey[sbt.ScalaInstance]("scalaInstance") in Scope(Build: file:/Users/usr10049697/work/proj/play-sample2/, , Project: ProjectReference(file:/Users/usr10049697/work/proj/play-sample2/,root))),true,None)
Sending msg to client activator-2b7ba9c0-047a-40da-87a3-0f36f37825c1: TaskStarted(5,326,Some(AttributeKey[sbt.Compiler$Compilers]("compilers") in Scope(Global)))
Sending msg to client activator-2b7ba9c0-047a-40da-87a3-0f36f37825c1: TaskFinished(5,338,Some(AttributeKey[scala.collection.Seq[java.lang.String]]("scalacOptions") in Scope(Build: file:/Users/usr10049697/work/proj/play-sample2/, , Project: ProjectReference(file:/Users/usr10049697/work/proj/play-sample2/,root), Config: compile)),true,None)
Sending msg to client activator-2b7ba9c0-047a-40da-87a3-0f36f37825c1: TaskStarted(5,379,None)
Sending msg to client activator-2b7ba9c0-047a-40da-87a3-0f36f37825c1: TaskStarted(5,380,None)
Sending msg to client activator-2b7ba9c0-047a-40da-87a3-0f36f37825c1: TaskFinished(5,286,None,true,None)
Sending msg to client activator-2b7ba9c0-047a-40da-87a3-0f36f37825c1: TaskStarted(5,285,Some(AttributeKey[scala.collection.Seq[sbt.Attributed[java.io.File]]]("managedClasspath") in Scope(Build: file:/Users/usr10049697/work/proj/play-sample2/, , Project: ProjectReference(file:/Users/usr10049697/work/proj/play-sample2/,root), Config: compile)))
Sending msg to client activator-2b7ba9c0-047a-40da-87a3-0f36f37825c1: TaskFinished(5,326,Some(AttributeKey[sbt.Compiler$Compilers]("compilers") in Scope(Global)),true,None)
Sending msg to client activator-2b7ba9c0-047a-40da-87a3-0f36f37825c1: TaskFinished(5,379,None,true,None)
Sending msg to client activator-2b7ba9c0-047a-40da-87a3-0f36f37825c1: TaskFinished(5,380,None,true,None)
Sending msg to client activator-2b7ba9c0-047a-40da-87a3-0f36f37825c1: TaskStarted(5,378,None)
Sending msg to client activator-2b7ba9c0-047a-40da-87a3-0f36f37825c1: TaskFinished(5,285,Some(AttributeKey[scala.collection.Seq[sbt.Attributed[java.io.File]]]("managedClasspath") in Scope(Build: file:/Users/usr10049697/work/proj/play-sample2/, , Project: ProjectReference(file:/Users/usr10049697/work/proj/play-sample2/,root), Config: compile)),true,None)
Sending msg to client activator-2b7ba9c0-047a-40da-87a3-0f36f37825c1: TaskStarted(5,278,None)
Sending msg to client activator-2b7ba9c0-047a-40da-87a3-0f36f37825c1: TaskFinished(5,378,None,true,None)
Sending msg to client activator-2b7ba9c0-047a-40da-87a3-0f36f37825c1: TaskStarted(5,377,None)
Sending msg to client activator-2b7ba9c0-047a-40da-87a3-0f36f37825c1: TaskFinished(5,278,None,true,None)
Sending msg to client activator-2b7ba9c0-047a-40da-87a3-0f36f37825c1: TaskStarted(5,276,Some(AttributeKey[scala.collection.Seq[sbt.Attributed[java.io.File]]]("externalDependencyClasspath") in Scope(Build: file:/Users/usr10049697/work/proj/play-sample2/, , Project: ProjectReference(file:/Users/usr10049697/work/proj/play-sample2/,root), Config: compile)))
Sending msg to client activator-2b7ba9c0-047a-40da-87a3-0f36f37825c1: TaskFinished(5,377,None,true,None)
Sending msg to client activator-2b7ba9c0-047a-40da-87a3-0f36f37825c1: TaskFinished(5,321,None,true,None)
Sending msg to client activator-2b7ba9c0-047a-40da-87a3-0f36f37825c1: TaskStarted(5,320,Some(AttributeKey[scala.collection.Seq[sbt.Attributed[java.io.File]]]("internalDependencyClasspath") in Scope(Build: file:/Users/usr10049697/work/proj/play-sample2/, , Project: ProjectReference(file:/Users/usr10049697/work/proj/play-sample2/,root), Config: compile)))
Sending msg to client activator-2b7ba9c0-047a-40da-87a3-0f36f37825c1: TaskFinished(5,276,Some(AttributeKey[scala.collection.Seq[sbt.Attributed[java.io.File]]]("externalDependencyClasspath") in Scope(Build: file:/Users/usr10049697/work/proj/play-sample2/, , Project: ProjectReference(file:/Users/usr10049697/work/proj/play-sample2/,root), Config: compile)),true,None)
Sending msg to client activator-2b7ba9c0-047a-40da-87a3-0f36f37825c1: TaskFinished(5,320,Some(AttributeKey[scala.collection.Seq[sbt.Attributed[java.io.File]]]("internalDependencyClasspath") in Scope(Build: file:/Users/usr10049697/work/proj/play-sample2/, , Project: ProjectReference(file:/Users/usr10049697/work/proj/play-sample2/,root), Config: compile)),true,None)
Sending msg to client activator-2b7ba9c0-047a-40da-87a3-0f36f37825c1: TaskStarted(5,275,None)
Sending msg to client activator-2b7ba9c0-047a-40da-87a3-0f36f37825c1: TaskFinished(5,275,None,true,None)
Sending msg to client activator-2b7ba9c0-047a-40da-87a3-0f36f37825c1: TaskStarted(5,272,Some(AttributeKey[scala.collection.Seq[sbt.Attributed[java.io.File]]]("dependencyClasspath") in Scope(Build: file:/Users/usr10049697/work/proj/play-sample2/, , Project: ProjectReference(file:/Users/usr10049697/work/proj/play-sample2/,root), Config: compile)))
Sending msg to client activator-2b7ba9c0-047a-40da-87a3-0f36f37825c1: TaskFinished(5,272,Some(AttributeKey[scala.collection.Seq[sbt.Attributed[java.io.File]]]("dependencyClasspath") in Scope(Build: file:/Users/usr10049697/work/proj/play-sample2/, , Project: ProjectReference(file:/Users/usr10049697/work/proj/play-sample2/,root), Config: compile)),true,None)
Sending msg to client activator-2b7ba9c0-047a-40da-87a3-0f36f37825c1: TaskStarted(5,330,Some(AttributeKey[sbt.Compiler$IncSetup]("incCompileSetup") in Scope(Build: file:/Users/usr10049697/work/proj/play-sample2/, , Project: ProjectReference(file:/Users/usr10049697/work/proj/play-sample2/,root), Config: compile)))
Sending msg to client activator-2b7ba9c0-047a-40da-87a3-0f36f37825c1: TaskFinished(5,330,Some(AttributeKey[sbt.Compiler$IncSetup]("incCompileSetup") in Scope(Build: file:/Users/usr10049697/work/proj/play-sample2/, , Project: ProjectReference(file:/Users/usr10049697/work/proj/play-sample2/,root), Config: compile)),true,None)
Sending msg to client activator-2b7ba9c0-047a-40da-87a3-0f36f37825c1: TaskStarted(5,262,Some(AttributeKey[sbt.Compiler$Inputs]("compileInputs") in Scope(Build: file:/Users/usr10049697/work/proj/play-sample2/, , Project: ProjectReference(file:/Users/usr10049697/work/proj/play-sample2/,root), Config: compile, Task: AttributeKey[sbt.inc.Analysis]("compile"))))
Sending msg to client activator-2b7ba9c0-047a-40da-87a3-0f36f37825c1: TaskStarted(5,359,Some(AttributeKey[sbt.Compiler$PreviousAnalysis]("readAnalysis") in Scope(Build: file:/Users/usr10049697/work/proj/play-sample2/, , Project: ProjectReference(file:/Users/usr10049697/work/proj/play-sample2/,root), Config: compile)))
Sending msg to client activator-2b7ba9c0-047a-40da-87a3-0f36f37825c1: TaskFinished(5,262,Some(AttributeKey[sbt.Compiler$Inputs]("compileInputs") in Scope(Build: file:/Users/usr10049697/work/proj/play-sample2/, , Project: ProjectReference(file:/Users/usr10049697/work/proj/play-sample2/,root), Config: compile, Task: AttributeKey[sbt.inc.Analysis]("compile"))),true,None)
Sending msg to client activator-2b7ba9c0-047a-40da-87a3-0f36f37825c1: TaskStarted(5,355,Some(AttributeKey[scala.Option[xsbti.Reporter]]("compilerReporter") in Scope(Build: file:/Users/usr10049697/work/proj/play-sample2/, , Project: ProjectReference(file:/Users/usr10049697/work/proj/play-sample2/,root), Config: compile, Task: AttributeKey[sbt.inc.Analysis]("compile"))))
Sending msg to client activator-2b7ba9c0-047a-40da-87a3-0f36f37825c1: TaskFinished(5,359,Some(AttributeKey[sbt.Compiler$PreviousAnalysis]("readAnalysis") in Scope(Build: file:/Users/usr10049697/work/proj/play-sample2/, , Project: ProjectReference(file:/Users/usr10049697/work/proj/play-sample2/,root), Config: compile)),true,None)
Sending msg to client activator-2b7ba9c0-047a-40da-87a3-0f36f37825c1: TaskFinished(5,355,Some(AttributeKey[scala.Option[xsbti.Reporter]]("compilerReporter") in Scope(Build: file:/Users/usr10049697/work/proj/play-sample2/, , Project: ProjectReference(file:/Users/usr10049697/work/proj/play-sample2/,root), Config: compile, Task: AttributeKey[sbt.inc.Analysis]("compile"))),true,None)
Sending msg to client activator-2b7ba9c0-047a-40da-87a3-0f36f37825c1: TaskStarted(5,261,Some(AttributeKey[sbt.compiler.IC$Result]("compileIncremental") in Scope(Build: file:/Users/usr10049697/work/proj/play-sample2/, , Project: ProjectReference(file:/Users/usr10049697/work/proj/play-sample2/,root), Config: compile)))
Sending msg to client activator-2b7ba9c0-047a-40da-87a3-0f36f37825c1: TaskLogEvent(261,LogMessage(debug,
Initial source changes: 
	removed:Set()
	added: Set()
	modified: Set()
Removed products: Set()
External API changes: API Changes: Set()
Modified binary dependencies: Set()
Initial directly invalidated sources: Set()

Sources indirectly invalidated by:
	product: Set()
	binary dep: Set()
	external source: Set()))
Sending msg to client activator-2b7ba9c0-047a-40da-87a3-0f36f37825c1: TaskLogEvent(261,LogMessage(debug,All initially invalidated sources: Set()
))
Sending msg to client activator-2b7ba9c0-047a-40da-87a3-0f36f37825c1: TaskFinished(5,261,Some(AttributeKey[sbt.compiler.IC$Result]("compileIncremental") in Scope(Build: file:/Users/usr10049697/work/proj/play-sample2/, , Project: ProjectReference(file:/Users/usr10049697/work/proj/play-sample2/,root), Config: compile)),true,None)
Sending msg to client activator-2b7ba9c0-047a-40da-87a3-0f36f37825c1: TaskStarted(5,260,Some(AttributeKey[sbt.compiler.IC$Result]("manipulateBytecode") in Scope(Build: file:/Users/usr10049697/work/proj/play-sample2/, , Project: ProjectReference(file:/Users/usr10049697/work/proj/play-sample2/,root), Config: compile)))
Sending msg to client activator-2b7ba9c0-047a-40da-87a3-0f36f37825c1: TaskFinished(5,260,Some(AttributeKey[sbt.compiler.IC$Result]("manipulateBytecode") in Scope(Build: file:/Users/usr10049697/work/proj/play-sample2/, , Project: ProjectReference(file:/Users/usr10049697/work/proj/play-sample2/,root), Config: compile)),true,None)
Sending msg to client activator-2b7ba9c0-047a-40da-87a3-0f36f37825c1: TaskStarted(5,259,Some(AttributeKey[sbt.inc.Analysis]("compile") in Scope(Build: file:/Users/usr10049697/work/proj/play-sample2/, , Project: ProjectReference(file:/Users/usr10049697/work/proj/play-sample2/,root), Config: compile)))
Sending msg to client activator-2b7ba9c0-047a-40da-87a3-0f36f37825c1: TaskFinished(5,259,Some(AttributeKey[sbt.inc.Analysis]("compile") in Scope(Build: file:/Users/usr10049697/work/proj/play-sample2/, , Project: ProjectReference(file:/Users/usr10049697/work/proj/play-sample2/,root), Config: compile)),true,None)
Sending msg to client activator-2b7ba9c0-047a-40da-87a3-0f36f37825c1: TaskStarted(5,258,None)
Sending msg to client activator-2b7ba9c0-047a-40da-87a3-0f36f37825c1: TaskStarted(5,381,Some(AttributeKey[scala.collection.Seq[java.lang.String]]("discoveredMainClasses") in Scope(Build: file:/Users/usr10049697/work/proj/play-sample2/, , Project: ProjectReference(file:/Users/usr10049697/work/proj/play-sample2/,root), Config: compile)))
Sending msg to client activator-2b7ba9c0-047a-40da-87a3-0f36f37825c1: TaskFinished(5,258,None,true,None)
Sending msg to client activator-2b7ba9c0-047a-40da-87a3-0f36f37825c1: TaskStarted(5,257,None)
Sending msg to client activator-2b7ba9c0-047a-40da-87a3-0f36f37825c1: TaskFinished(5,381,Some(AttributeKey[scala.collection.Seq[java.lang.String]]("discoveredMainClasses") in Scope(Build: file:/Users/usr10049697/work/proj/play-sample2/, , Project: ProjectReference(file:/Users/usr10049697/work/proj/play-sample2/,root), Config: compile)),true,None)
Sending msg to client activator-2b7ba9c0-047a-40da-87a3-0f36f37825c1: ValueChanged(AttributeKey[scala.collection.Seq[java.lang.String]]("discoveredMainClasses") in Scope(Build: file:/Users/usr10049697/work/proj/play-sample2/, , Project: ProjectReference(file:/Users/usr10049697/work/proj/play-sample2/,root), Config: compile),TaskSuccess(BuildValue(LazyValue(List(),scala.pickling.PicklerUnpickler$DelegatingPicklerUnpickler@3176efd1),List())))
Sending msg to client activator-2b7ba9c0-047a-40da-87a3-0f36f37825c1: TaskFinished(5,257,None,true,None)
Sending msg to client activator-2b7ba9c0-047a-40da-87a3-0f36f37825c1: DetachedLogEvent(LogMessage(debug,cancel strategy finish enabled=false lastCommand=Some(LastCommand(CommandExecutionWork(ExecutionId(5),compile,Set(LiveClient(activator 97611eb6-3472-4acc-a2ff-1e29c83f366d), LiveClient(activator 2b7ba9c0-047a-40da-87a3-0f36f37825c1)),sbt.server.WorkCancellationStatus$$anon$1@339cd6b0)))))
Sending msg to client activator-2b7ba9c0-047a-40da-87a3-0f36f37825c1: DetachedLogEvent(LogSuccess(Total time: 0 s, completed 2017/03/23 17:28:47))
Sending msg to client activator-2b7ba9c0-047a-40da-87a3-0f36f37825c1: DetachedLogEvent(LogMessage(debug,> server-post-command-cleanup))
Sending msg to client activator-2b7ba9c0-047a-40da-87a3-0f36f37825c1: ExecutionSuccess(5)
Sending msg to client activator-2b7ba9c0-047a-40da-87a3-0f36f37825c1: DetachedLogEvent(LogMessage(debug,> server-handle-next-server-request))
