New log file opened at Thu Mar 23 17:27:49 JST 2017 by 11091@usr01671.local
Taking next connection to: 58511
New client attempting to connect on port: 58512-58511
  Address = /192.168.2.13:58511
This client on port 58512 has uuid 97611eb6-3472-4acc-a2ff-1e29c83f366d configName activator humanReadableName Activator protocolVersion 3 featureTags Vector()
Connected Clients: activator-97611eb6-3472-4acc-a2ff-1e29c83f366d
Taking next connection to: 58511
New client attempting to connect on port: 58513-58511
  Address = /192.168.2.13:58511
Handshake exception on socket: 58513
sbt.impl.ipc.HandshakeException: Unable to perform handshake
	at sbt.impl.ipc.Peer.handshake(IPC.scala:46)
	at sbt.impl.ipc.MultiClientServer.<init>(IPC.scala:150)
	at sbt.server.SbtServerSocketHandler$$anon$1.run(SbtServerSocketHandler.scala:43)
Caused by: java.io.EOFException
	at java.io.DataInputStream.readInt(DataInputStream.java:392)
	at sbt.impl.ipc.Peer.receive(IPC.scala:95)
	at sbt.impl.ipc.Peer.handshake(IPC.scala:49)
	... 2 more
Taking next connection to: 58511
New client attempting to connect on port: 58514-58511
  Address = /192.168.2.13:58511
This client on port 58514 has uuid 2b7ba9c0-047a-40da-87a3-0f36f37825c1 configName activator humanReadableName Activator protocolVersion 3 featureTags Vector()
Connected Clients: activator-97611eb6-3472-4acc-a2ff-1e29c83f366d, activator-2b7ba9c0-047a-40da-87a3-0f36f37825c1
Taking next connection to: 58511
Checking to see if clients are empty...
We have 2 non-daemon clients, continuing serving connections.
Taking next connection to: 58511
Checking to see if clients are empty...
We have 1 non-daemon clients, continuing serving connections.
Taking next connection to: 58511
Checking to see if clients are empty...
We have 1 non-daemon clients, continuing serving connections.
Taking next connection to: 58511
Checking to see if clients are empty...
We have 1 non-daemon clients, continuing serving connections.
Taking next connection to: 58511
Checking to see if clients are empty...
We have 1 non-daemon clients, continuing serving connections.
Taking next connection to: 58511
Checking to see if clients are empty...
We have 1 non-daemon clients, continuing serving connections.
Taking next connection to: 58511
Checking to see if clients are empty...
We have 1 non-daemon clients, continuing serving connections.
Taking next connection to: 58511
Checking to see if clients are empty...
We have 1 non-daemon clients, continuing serving connections.
Taking next connection to: 58511
Checking to see if clients are empty...
We have 1 non-daemon clients, continuing serving connections.
Taking next connection to: 58511
Checking to see if clients are empty...
We have 1 non-daemon clients, continuing serving connections.
Taking next connection to: 58511
Checking to see if clients are empty...
We have 1 non-daemon clients, continuing serving connections.
Taking next connection to: 58511
Checking to see if clients are empty...
We have 1 non-daemon clients, continuing serving connections.
Taking next connection to: 58511
Checking to see if clients are empty...
We have 1 non-daemon clients, continuing serving connections.
Taking next connection to: 58511
Checking to see if clients are empty...
We have 1 non-daemon clients, continuing serving connections.
Taking next connection to: 58511
Checking to see if clients are empty...
We have 1 non-daemon clients, continuing serving connections.
Taking next connection to: 58511
Checking to see if clients are empty...
We have 1 non-daemon clients, continuing serving connections.
Taking next connection to: 58511
Checking to see if clients are empty...
We have 1 non-daemon clients, continuing serving connections.
Taking next connection to: 58511
Checking to see if clients are empty...
We have 1 non-daemon clients, continuing serving connections.
Taking next connection to: 58511
Checking to see if clients are empty...
We have 1 non-daemon clients, continuing serving connections.
Taking next connection to: 58511
Checking to see if clients are empty...
We have 1 non-daemon clients, continuing serving connections.
Taking next connection to: 58511
